[ 2014-10-11T20:55:26+08:00 ] 127.0.0.1 /yanandyan/
INFO: [ app_begin ] --START--
INFO: ReadHtmlCache Behavior ::run [ RunTime:0.000471s ]
INFO: [ app_begin ] --END-- [ RunTime:0.000522s ]
SQL: SHOW COLUMNS FROM `blog_index_config` [ RunTime:0.037225s ]
SQL: SELECT `value` FROM `blog_index_config` WHERE ( type='index_bgimg' and uid =1 and display = 1 ) LIMIT 1   [ RunTime:0.000806s ]
SQL: SELECT * FROM `blog_index_config` WHERE ( type='index_bgmusic' and uid =1 and display = 1 )  [ RunTime:0.000637s ]
SQL: SHOW COLUMNS FROM `blog_article` [ RunTime:0.008702s ]
SQL: SELECT * FROM `blog_article`  [ RunTime:0.000606s ]
INFO: [ view_parse ] --START--
INFO: ParseTemplate Behavior ::run [ RunTime:0.047567s ]
INFO: [ view_parse ] --END-- [ RunTime:0.047731s ]
INFO: [ view_filter ] --START--
INFO: ContentReplace Behavior ::run [ RunTime:0.001115s ]
INFO: TokenBuild Behavior ::run [ RunTime:0.001039s ]
INFO: WriteHtmlCache Behavior ::run [ RunTime:0.000848s ]
INFO: ShowRuntime Behavior ::run [ RunTime:0.001302s ]
INFO: [ view_filter ] --END-- [ RunTime:0.004632s ]
INFO: [ view_end ] --START--
INFO: ShowPageTrace Behavior ::run [ RunTime:0.001629s ]
INFO: [ view_end ] --END-- [ RunTime:0.001735s ]

